[debug] [2022-06-23T04:57:14.838Z] ----------------------------------------------------------------------
[debug] [2022-06-23T04:57:14.840Z] Command:       /usr/local/bin/firebase /Users/selamgabriel/.cache/firebase/tools/lib/node_modules/firebase-tools/lib/bin/firebase init
[debug] [2022-06-23T04:57:14.840Z] CLI Version:   10.1.4
[debug] [2022-06-23T04:57:14.840Z] Platform:      darwin
[debug] [2022-06-23T04:57:14.840Z] Node Version:  v12.18.1
[debug] [2022-06-23T04:57:14.841Z] Time:          Wed Jun 22 2022 23:57:14 GMT-0500 (Central Daylight Time)
[debug] [2022-06-23T04:57:14.841Z] ----------------------------------------------------------------------
[debug] 
[debug] [2022-06-23T04:57:14.846Z] > command requires scopes: ["email","openid","https://www.googleapis.com/auth/cloudplatformprojects.readonly","https://www.googleapis.com/auth/firebase","https://www.googleapis.com/auth/cloud-platform"]
[debug] [2022-06-23T04:57:14.846Z] > authorizing via signed-in user (carlkomondi@gmail.com)
[info] 
     ######## #### ########  ######## ########     ###     ######  ########
     ##        ##  ##     ## ##       ##     ##  ##   ##  ##       ##
     ######    ##  ########  ######   ########  #########  ######  ######
     ##        ##  ##    ##  ##       ##     ## ##     ##       ## ##
     ##       #### ##     ## ######## ########  ##     ##  ######  ########

You're about to initialize a Firebase project in this directory:

  /Users/selamgabriel/Desktop/Sn

[info] 
=== Project Setup
[info] 
[info] First, let's associate this project directory with a Firebase project.
[info] You can create multiple project aliases by running firebase use --add, 
[info] but for now we'll just set up a default project.
[info] 
[debug] [2022-06-23T04:57:18.314Z] > refreshing access token with scopes: []
[debug] [2022-06-23T04:57:18.314Z] >>> HTTP REQUEST POST https://www.googleapis.com/oauth2/v3/token  
 <request body omitted>
[debug] [2022-06-23T04:57:18.426Z] <<< HTTP RESPONSE 400 {"expires":"Mon, 01 Jan 1990 00:00:00 GMT","date":"Thu, 23 Jun 2022 04:57:18 GMT","pragma":"no-cache","cache-control":"no-cache, no-store, max-age=0, must-revalidate","content-type":"application/json; charset=utf-8","vary":"X-Origin, Referer, Origin,Accept-Encoding","server":"scaffolding on HTTPServer2","x-xss-protection":"0","x-frame-options":"SAMEORIGIN","x-content-type-options":"nosniff","alt-svc":"h3=\":443\"; ma=2592000,h3-29=\":443\"; ma=2592000,h3-Q050=\":443\"; ma=2592000,h3-Q046=\":443\"; ma=2592000,h3-Q043=\":443\"; ma=2592000,quic=\":443\"; ma=2592000; v=\"46,43\"","accept-ranges":"none","transfer-encoding":"chunked"}
[debug] [2022-06-23T04:57:18.431Z] >>> [apiv2][query] GET https://firebase.googleapis.com/v1beta1/projects pageSize=100
[debug] [2022-06-23T04:57:18.584Z] <<< [apiv2][status] GET https://firebase.googleapis.com/v1beta1/projects 401
[debug] [2022-06-23T04:57:18.584Z] <<< [apiv2][body] GET https://firebase.googleapis.com/v1beta1/projects [omitted]
[debug] [2022-06-23T04:57:18.584Z] HTTP Error: 401, Request had invalid authentication credentials. Expected OAuth 2 access token, login cookie or other valid authentication credential. See https://developers.google.com/identity/sign-in/web/devconsole-project.
[debug] [2022-06-23T04:57:18.685Z] FirebaseError: HTTP Error: 401, Request had invalid authentication credentials. Expected OAuth 2 access token, login cookie or other valid authentication credential. See https://developers.google.com/identity/sign-in/web/devconsole-project.
    at module.exports (/Users/selamgabriel/.cache/firebase/tools/lib/node_modules/firebase-tools/lib/responseToError.js:38:12)
    at RetryOperation._fn (/Users/selamgabriel/.cache/firebase/tools/lib/node_modules/firebase-tools/lib/apiv2.js:282:39)
    at processTicksAndRejections (internal/process/task_queues.js:97:5)
[error] 
[error] Error: Failed to list Firebase projects. See firebase-debug.log for more info.
